<?xml version="1.0" encoding="UTF-8"?>
<!-- Generated by org.testng.reporters.JUnitReportReporter -->
<testsuite hostname="VAGI-PC" failures="0" tests="5" name="TestNGpractice.demo5" time="0.007" errors="0" timestamp="2021-08-29T19:19:08 IST" skipped="0">
  <testcase classname="TestNGpractice.demo5" name="TestCase5" time="0.004"/>
  <system-out/>
  <testcase classname="TestNGpractice.demo5" name="TestCase4" time="0.001"/>
  <system-out/>
  <testcase classname="TestNGpractice.demo5" name="TestCase3" time="0.001"/>
  <system-out/>
  <testcase classname="TestNGpractice.demo5" name="TestCase2" time="0.000"/>
  <system-out/>
  <testcase classname="TestNGpractice.demo5" name="TestCase1" time="0.001"/>
  <system-out/>
</testsuite> <!-- TestNGpractice.demo5 -->
