<?xml version="1.0" encoding="UTF-8"?>
<!-- Generated by org.testng.reporters.JUnitReportReporter -->
<testsuite hostname="VAGI-PC" failures="0" tests="4" name="TestNGpractice.demo2" time="0.006" errors="0" timestamp="2021-08-29T19:19:08 IST" skipped="1">
  <testcase classname="TestNGpractice.demo2" name="simple3" time="0.001"/>
  <system-out/>
  <testcase classname="TestNGpractice.demo2" name="simple1" time="0.002"/>
  <system-out/>
  <testcase classname="TestNGpractice.demo2" name="simple4" time="0.003"/>
  <system-out/>
  <testcase classname="TestNGpractice.demo2" name="simple2">
    <skipped/>
  </testcase> <!-- simple2 -->
  <system-out/>
</testsuite> <!-- TestNGpractice.demo2 -->
