<?xml version="1.0" encoding="UTF-8"?>
<!-- Generated by org.testng.reporters.JUnitReportReporter -->
<testsuite hostname="VAGI-PC" failures="0" tests="3" name="TestNGpractice.demo3" time="0.027" errors="0" timestamp="2021-08-29T19:19:08 IST" skipped="0">
  <testcase classname="TestNGpractice.demo3" name="test3" time="0.001"/>
  <system-out/>
  <testcase classname="TestNGpractice.demo3" name="test4" time="0.011"/>
  <system-out/>
  <testcase classname="TestNGpractice.demo3" name="test1" time="0.015"/>
  <system-out/>
</testsuite> <!-- TestNGpractice.demo3 -->
