<?xml version="1.0" encoding="UTF-8"?>
<!-- Generated by org.testng.reporters.JUnitReportReporter -->
<testsuite hostname="VAGI-PC" failures="0" tests="8" name="TestNGpractice.demo4" time="0.038" errors="0" timestamp="2021-08-29T19:19:08 IST" skipped="0">
  <testcase classname="TestNGpractice.demo4" name="Beforemethod5" time="0.001"/>
  <system-out/>
  <testcase classname="TestNGpractice.demo4" name="Beforemethod" time="0.006"/>
  <system-out/>
  <testcase classname="TestNGpractice.demo4" name="Beforemethod4" time="0.008"/>
  <system-out/>
  <testcase classname="TestNGpractice.demo4" name="Beforemethod2" time="0.009"/>
  <system-out/>
  <testcase classname="TestNGpractice.demo4" name="Beforemethod6" time="0.002"/>
  <system-out/>
  <testcase classname="TestNGpractice.demo4" name="Beforemethod3" time="0.004"/>
  <system-out/>
  <testcase classname="TestNGpractice.demo4" name="Beforemethod7" time="0.001"/>
  <system-out/>
  <testcase classname="TestNGpractice.demo4" name="Beforemethod1" time="0.007"/>
  <system-out/>
</testsuite> <!-- TestNGpractice.demo4 -->
