<?xml version="1.0" encoding="UTF-8"?>
<!-- Generated by org.testng.reporters.JUnitReportReporter -->
<testsuite hostname="VAGI-PC" failures="0" tests="1" name="TestNGpractice.TestNGAnnotations" time="0.006" errors="0" timestamp="2021-08-29T19:19:08 IST" skipped="0">
  <testcase classname="TestNGpractice.TestNGAnnotations" name="testCase1" time="0.006"/>
  <system-out/>
</testsuite> <!-- TestNGpractice.TestNGAnnotations -->
