<?xml version="1.0" encoding="UTF-8"?>
<!-- Generated by org.testng.reporters.JUnitReportReporter -->
<testsuite hostname="VAGI-PC" failures="0" tests="1" name="Test.Testngdemo" time="0.002" errors="0" timestamp="2021-07-19T12:08:29 IST" skipped="0">
  <testcase classname="Test.Testngdemo" name="demo1" time="0.002"/>
  <system-out/>
</testsuite> <!-- Test.Testngdemo -->
